<?xml version="1.0" encoding="UTF-8"?>
<!-- Generated by org.testng.reporters.JUnitXMLReporter -->
<testsuite hostname="DESKTOP-41FRB09" ignored="0" name="Sprint1(failed)" tests="1" failures="1" timestamp="19 May 2017 17:44:04 GMT" time="0.026" errors="0">
  <testcase name="testsnapchat" time="0.006" classname="testng.class3">
    <failure type="java.lang.AssertionError" message="expected [true] but found [false]">
      <![CDATA[java.lang.AssertionError: expected [true] but found [false]
	at testng.class3.testsnapchat(class3.java:10)
	at TestRunner.TRunner.main(TRunner.java:19)
... Removed 26 stack frames]]>
    </failure>
  </testcase> <!-- testsnapchat -->
</testsuite> <!-- Sprint1(failed) -->
